#! /c/iverilog/bin/vvp
:ivl_version "12.0 (devel)" "(s20150603-965-g55e06db6)";
:ivl_delay_selection "TYPICAL";
:vpi_time_precision + 0;
:vpi_module "D:\iverilog\lib\ivl\system.vpi";
:vpi_module "D:\iverilog\lib\ivl\vhdl_sys.vpi";
:vpi_module "D:\iverilog\lib\ivl\vhdl_textio.vpi";
:vpi_module "D:\iverilog\lib\ivl\v2005_math.vpi";
:vpi_module "D:\iverilog\lib\ivl\va_math.vpi";
S_0000000001012ce0 .scope module, "cpu_fetch" "cpu_fetch" 2 1;
 .timescale 0 0;
    .port_info 0 /INPUT 1 "hclk_i";
    .port_info 1 /INPUT 1 "hresetn_i";
    .port_info 2 /INPUT 1 "hready_i";
    .port_info 3 /INPUT 2 "hresp_i";
    .port_info 4 /INPUT 1 "hgrant_i";
    .port_info 5 /INPUT 32 "hrdata_i";
    .port_info 6 /OUTPUT 2 "htrans_o";
    .port_info 7 /OUTPUT 32 "haddr_o";
    .port_info 8 /OUTPUT 1 "hwrite_o";
    .port_info 9 /OUTPUT 3 "hsize_o";
    .port_info 10 /OUTPUT 3 "hburst_o";
    .port_info 11 /OUTPUT 32 "hwdata_o";
    .port_info 12 /INPUT 32 "fetch_addr_i";
    .port_info 13 /OUTPUT 1 "enable_o";
    .port_info 14 /OUTPUT 32 "opcode_o";
    .port_info 15 /OUTPUT 32 "opa_o";
    .port_info 16 /OUTPUT 32 "opb_o";
P_0000000001041020 .param/l "BUSY" 1 2 48, C4<01>;
P_0000000001041058 .param/l "BYTE" 1 2 69, C4<000>;
P_0000000001041090 .param/l "CPUID" 1 2 44, C4<00011001100100100000001100001000>;
P_00000000010410c8 .param/l "DWORD" 1 2 71, C4<010>;
P_0000000001041100 .param/l "ERROR" 1 2 64, C4<01>;
P_0000000001041138 .param/l "IDLE" 1 2 47, C4<00>;
P_0000000001041170 .param/l "INCR" 1 2 54, C4<001>;
P_00000000010411a8 .param/l "INCR16" 1 2 60, C4<111>;
P_00000000010411e0 .param/l "INCR4" 1 2 56, C4<011>;
P_0000000001041218 .param/l "INCR8" 1 2 58, C4<101>;
P_0000000001041250 .param/l "NONSEQ" 1 2 49, C4<10>;
P_0000000001041288 .param/l "OKAY" 1 2 63, C4<00>;
P_00000000010412c0 .param/l "OPA_SIZE" 1 2 42, C4<00000000000000000000000000000100>;
P_00000000010412f8 .param/l "OPB_SIZE" 1 2 43, C4<00000000000000000000000000000100>;
P_0000000001041330 .param/l "OPCODE_ADD" 1 2 33, C4<000>;
P_0000000001041368 .param/l "OPCODE_DISPLAY" 1 2 37, C4<100>;
P_00000000010413a0 .param/l "OPCODE_DIV" 1 2 36, C4<011>;
P_00000000010413d8 .param/l "OPCODE_ID" 1 2 39, C4<110>;
P_0000000001041410 .param/l "OPCODE_JMP" 1 2 38, C4<101>;
P_0000000001041448 .param/l "OPCODE_MUL" 1 2 35, C4<010>;
P_0000000001041480 .param/l "OPCODE_SIZE" 1 2 41, C4<00000000000000000000000000000100>;
P_00000000010414b8 .param/l "OPCODE_SUB" 1 2 34, C4<001>;
P_00000000010414f0 .param/l "QQQQQWORD" 1 2 76, C4<111>;
P_0000000001041528 .param/l "QQQQWORD" 1 2 75, C4<110>;
P_0000000001041560 .param/l "QQQWORD" 1 2 74, C4<101>;
P_0000000001041598 .param/l "QQWORD" 1 2 73, C4<100>;
P_00000000010415d0 .param/l "QWORD" 1 2 72, C4<011>;
P_0000000001041608 .param/l "RETRY" 1 2 65, C4<10>;
P_0000000001041640 .param/l "SEQ" 1 2 50, C4<11>;
P_0000000001041678 .param/l "SINGLE" 1 2 53, C4<000>;
P_00000000010416b0 .param/l "SPLIT" 1 2 66, C4<11>;
P_00000000010416e8 .param/l "WIDTH" 0 2 2, +C4<00000000000000000000000000100000>;
P_0000000001041720 .param/l "WORD" 1 2 70, C4<001>;
P_0000000001041758 .param/l "WRAP16" 1 2 59, C4<110>;
P_0000000001041790 .param/l "WRAP4" 1 2 55, C4<010>;
P_00000000010417c8 .param/l "WRAP8" 1 2 57, C4<100>;
L_000000000104bbf0 .functor BUFZ 2, v00000000011c97b0_0, C4<00>, C4<00>, C4<00>;
L_000000000104bdb0 .functor BUFZ 32, v00000000011c9df0_0, C4<00000000000000000000000000000000>, C4<00000000000000000000000000000000>, C4<00000000000000000000000000000000>;
L_00000000010aa130 .functor BUFZ 1, v00000000011cac50_0, C4<0>, C4<0>, C4<0>;
L_00000000010aa670 .functor BUFZ 3, v00000000011c9670_0, C4<000>, C4<000>, C4<000>;
L_00000000010aad00 .functor BUFZ 3, v00000000011ca930_0, C4<000>, C4<000>, C4<000>;
L_00000000010aa590 .functor BUFZ 32, v00000000011ca750_0, C4<00000000000000000000000000000000>, C4<00000000000000000000000000000000>, C4<00000000000000000000000000000000>;
o0000000001054208 .functor BUFZ 1, C4<z>; HiZ drive
o0000000001054178 .functor BUFZ 1, C4<z>; HiZ drive
L_00000000010aad70 .functor AND 1, o0000000001054208, o0000000001054178, C4<1>, C4<1>;
o00000000010541d8 .functor BUFZ 1, C4<z>; HiZ drive
L_00000000010aa2f0 .functor AND 1, L_00000000010aad70, o00000000010541d8, C4<1>, C4<1>;
L_00000000010aa830 .functor BUFZ 32, v00000000011c9e90_0, C4<00000000000000000000000000000000>, C4<00000000000000000000000000000000>, C4<00000000000000000000000000000000>;
L_00000000010aa980 .functor BUFZ 32, v00000000011c9c10_0, C4<00000000000000000000000000000000>, C4<00000000000000000000000000000000>, C4<00000000000000000000000000000000>;
L_00000000010aaec0 .functor BUFZ 32, v00000000011c9850_0, C4<00000000000000000000000000000000>, C4<00000000000000000000000000000000>, C4<00000000000000000000000000000000>;
v00000000011c9cb0_0 .net *"_ivl_13", 0 0, L_00000000010aad70;  1 drivers
v00000000011c9ad0_0 .net "enable_o", 0 0, L_00000000010aa2f0;  1 drivers
o0000000001054058 .functor BUFZ 32, C4<zzzzzzzzzzzzzzzzzzzzzzzzzzzzzzzz>; HiZ drive
v00000000011c9530_0 .net "fetch_addr_i", 31 0, o0000000001054058;  0 drivers
v00000000011ca610_0 .net "haddr_o", 31 0, L_000000000104bdb0;  1 drivers
v00000000011c9df0_0 .var "haddr_r", 31 0;
v00000000011ca6b0_0 .net "hburst_o", 2 0, L_00000000010aad00;  1 drivers
v00000000011ca930_0 .var "hburst_r", 2 0;
o0000000001054148 .functor BUFZ 1, C4<z>; HiZ drive
v00000000011c93f0_0 .net "hclk_i", 0 0, o0000000001054148;  0 drivers
v00000000011c95d0_0 .net "hgrant_i", 0 0, o0000000001054178;  0 drivers
o00000000010541a8 .functor BUFZ 32, C4<zzzzzzzzzzzzzzzzzzzzzzzzzzzzzzzz>; HiZ drive
v00000000011c9a30_0 .net "hrdata_i", 31 0, o00000000010541a8;  0 drivers
v00000000011caa70_0 .net "hready_i", 0 0, o00000000010541d8;  0 drivers
v00000000011ca070_0 .net "hresetn_i", 0 0, o0000000001054208;  0 drivers
o0000000001054238 .functor BUFZ 2, C4<zz>; HiZ drive
v00000000011cab10_0 .net "hresp_i", 1 0, o0000000001054238;  0 drivers
v00000000011c9490_0 .net "hsize_o", 2 0, L_00000000010aa670;  1 drivers
v00000000011c9670_0 .var "hsize_r", 2 0;
v00000000011ca110_0 .net "htrans_o", 1 0, L_000000000104bbf0;  1 drivers
v00000000011c97b0_0 .var "htrans_r", 1 0;
v00000000011c9b70_0 .net "hwdata_o", 31 0, L_00000000010aa590;  1 drivers
v00000000011ca750_0 .var "hwdata_r", 31 0;
v00000000011ca7f0_0 .net "hwrite_o", 0 0, L_00000000010aa130;  1 drivers
v00000000011cac50_0 .var "hwrite_r", 0 0;
v00000000011c9d50_0 .net "opa_o", 31 0, L_00000000010aa980;  1 drivers
v00000000011c9c10_0 .var "opa_r", 31 0;
v00000000011ca890_0 .net "opb_o", 31 0, L_00000000010aaec0;  1 drivers
v00000000011c9850_0 .var "opb_r", 31 0;
v00000000011c98f0_0 .net "opcode_o", 31 0, L_00000000010aa830;  1 drivers
v00000000011c9e90_0 .var "opcode_r", 31 0;
E_000000000103ce70/0 .event negedge, v00000000011ca070_0;
E_000000000103ce70/1 .event posedge, v00000000011c93f0_0;
E_000000000103ce70 .event/or E_000000000103ce70/0, E_000000000103ce70/1;
S_0000000001012e70 .scope task, "cpu_read" "cpu_read" 2 105, 2 105 0, S_0000000001012ce0;
 .timescale 0 0;
v00000000011ca430_0 .var "addr", 31 0;
v00000000011c9170_0 .var "data", 31 0;
E_000000000103c830 .event posedge, v00000000011caa70_0;
E_000000000103d630 .event posedge, v00000000011c93f0_0;
TD_cpu_fetch.cpu_read ;
    %wait E_000000000103d630;
    %delay 1, 0;
    %load/vec4 v00000000011ca430_0;
    %store/vec4 v00000000011c9df0_0, 0, 32;
    %pushi/vec4 0, 0, 1;
    %store/vec4 v00000000011cac50_0, 0, 1;
    %pushi/vec4 2, 0, 2;
    %store/vec4 v00000000011c97b0_0, 0, 2;
    %pushi/vec4 2, 0, 3;
    %store/vec4 v00000000011c9670_0, 0, 3;
    %pushi/vec4 0, 0, 3;
    %store/vec4 v00000000011ca930_0, 0, 3;
    %wait E_000000000103d630;
    %delay 1, 0;
    %wait E_000000000103c830;
    %delay 1, 0;
    %load/vec4 v00000000011cab10_0;
    %cmpi/e 0, 0, 2;
    %jmp/0xz  T_0.0, 4;
    %load/vec4 v00000000011c9a30_0;
    %store/vec4 v00000000011c9170_0, 0, 32;
    %jmp T_0.1;
T_0.0 ;
    %pushi/vec4 4294967295, 4294967295, 32;
    %store/vec4 v00000000011c9170_0, 0, 32;
T_0.1 ;
    %end;
    .scope S_0000000001012ce0;
T_1 ;
    %wait E_000000000103ce70;
    %load/vec4 v00000000011ca070_0;
    %nor/r;
    %flag_set/vec4 8;
    %jmp/0xz  T_1.0, 8;
    %pushi/vec4 2, 0, 2;
    %store/vec4 v00000000011c97b0_0, 0, 2;
    %pushi/vec4 0, 0, 3;
    %store/vec4 v00000000011ca930_0, 0, 3;
    %pushi/vec4 2, 0, 3;
    %store/vec4 v00000000011c9670_0, 0, 3;
    %pushi/vec4 0, 0, 32;
    %store/vec4 v00000000011ca750_0, 0, 32;
    %pushi/vec4 0, 0, 32;
    %store/vec4 v00000000011c9df0_0, 0, 32;
    %pushi/vec4 0, 0, 1;
    %store/vec4 v00000000011cac50_0, 0, 1;
    %jmp T_1.1;
T_1.0 ;
    %load/vec4 v00000000011c9530_0;
    %addi 0, 0, 32;
    %store/vec4 v00000000011ca430_0, 0, 32;
    %fork TD_cpu_fetch.cpu_read, S_0000000001012e70;
    %join;
    %load/vec4 v00000000011c9170_0;
    %store/vec4 v00000000011c9e90_0, 0, 32;
    %load/vec4 v00000000011c9530_0;
    %addi 4, 0, 32;
    %store/vec4 v00000000011ca430_0, 0, 32;
    %fork TD_cpu_fetch.cpu_read, S_0000000001012e70;
    %join;
    %load/vec4 v00000000011c9170_0;
    %store/vec4 v00000000011c9c10_0, 0, 32;
    %load/vec4 v00000000011c9530_0;
    %addi 8, 0, 32;
    %store/vec4 v00000000011ca430_0, 0, 32;
    %fork TD_cpu_fetch.cpu_read, S_0000000001012e70;
    %join;
    %load/vec4 v00000000011c9170_0;
    %store/vec4 v00000000011c9850_0, 0, 32;
T_1.1 ;
    %jmp T_1;
    .thread T_1;
# The file index is used to find the file name in the following table.
:file_names 3;
    "N/A";
    "<interactive>";
    ".\cpu_fetch.v";
